Build started 1/26/2016 7:02:28 PM.
     1>Project "C:\Users\Elena\OneDrive\WinterQuarter\CompSci32\Project2\Project2(1)\Project2(1)\Project2(1).vcxproj" on node 2 (Build target(s)).
     1>ClCompile:
         C:\Program Files (x86)\Microsoft Visual Studio 14.0\VC\bin\CL.exe /c /ZI /nologo /W3 /WX- /sdl /Od /Oy- /D _MBCS /Gm /EHsc /RTC1 /MDd /GS /fp:precise /Zc:wchar_t /Zc:forScope /Zc:inline /Fo"Debug\\" /Fd"Debug\vc140.pdb" /Gd /TP /analyze- /errorReport:prompt Map.cpp testMap.cpp
         testMap.cpp
     1>c:\users\elena\onedrive\winterquarter\compsci32\project2\project2(1)\project2(1)\testmap.cpp(92): warning C4804: '>': unsafe use of type 'bool' in operation
     1>c:\users\elena\onedrive\winterquarter\compsci32\project2\project2(1)\project2(1)\testmap.cpp(133): error C2086: 'Map m4': redefinition
         c:\users\elena\onedrive\winterquarter\compsci32\project2\project2(1)\project2(1)\testmap.cpp(81): note: see declaration of 'm4'
         Map.cpp
     1>c:\users\elena\onedrive\winterquarter\compsci32\project2\project2(1)\project2(1)\map.cpp(229): warning C4101: 'result_value': unreferenced local variable
         Generating Code...
     1>Done Building Project "C:\Users\Elena\OneDrive\WinterQuarter\CompSci32\Project2\Project2(1)\Project2(1)\Project2(1).vcxproj" (Build target(s)) -- FAILED.

Build FAILED.

Time Elapsed 00:00:00.83
